c:\hal\1年\directx 3d\othello\dx11game\x64\debug\vc141.pdb
c:\hal\1年\directx 3d\othello\dx11game\x64\debug\vc141.idb
c:\hal\1年\directx 3d\othello\dx11game\x64\debug\texture.obj
c:\hal\1年\directx 3d\othello\dx11game\x64\debug\text.obj
c:\hal\1年\directx 3d\othello\dx11game\x64\debug\shader.obj
c:\hal\1年\directx 3d\othello\dx11game\x64\debug\scenetitle.obj
c:\hal\1年\directx 3d\othello\dx11game\x64\debug\scenegame.obj
c:\hal\1年\directx 3d\othello\dx11game\x64\debug\sceneclear.obj
c:\hal\1年\directx 3d\othello\dx11game\x64\debug\polygon.obj
c:\hal\1年\directx 3d\othello\dx11game\x64\debug\model.obj
c:\hal\1年\directx 3d\othello\dx11game\x64\debug\mesh.obj
c:\hal\1年\directx 3d\othello\dx11game\x64\debug\main.obj
c:\hal\1年\directx 3d\othello\dx11game\x64\debug\light.obj
c:\hal\1年\directx 3d\othello\dx11game\x64\debug\input.obj
c:\hal\1年\directx 3d\othello\dx11game\x64\debug\field.obj
c:\hal\1年\directx 3d\othello\dx11game\x64\debug\debugproc.obj
c:\hal\1年\directx 3d\othello\dx11game\x64\debug\cpudata.obj
c:\hal\1年\directx 3d\othello\dx11game\x64\debug\collision.obj
c:\hal\1年\directx 3d\othello\dx11game\x64\debug\camera.obj
c:\hal\1年\directx 3d\othello\dx11game\x64\debug\assimpmodel.obj
c:\hal\1年\directx 3d\othello\dx11game\dx11gamed.lib
c:\hal\1年\directx 3d\othello\dx11game\dx11gamed.exp
c:\hal\1年\directx 3d\othello\dx11game\data\shader\assimppixel.cso
c:\hal\1年\directx 3d\othello\dx11game\data\shader\assimpvertex.cso
c:\hal\1年\directx 3d\othello\dx11game\data\shader\pixel.cso
c:\hal\1年\directx 3d\othello\dx11game\data\shader\pixel2d.cso
c:\hal\1年\directx 3d\othello\dx11game\data\shader\vertex.cso
c:\hal\1年\directx 3d\othello\dx11game\data\shader\vertex2d.cso
c:\hal\1年\directx 3d\othello\dx11game\dx11gamed.ilk
c:\hal\1年\directx 3d\othello\dx11game\dx11gamed.exe
c:\hal\1年\directx 3d\othello\dx11game\dx11gamed.pdb
c:\hal\1年\directx 3d\othello\dx11game\x64\debug\dx11game.res
c:\hal\1年\directx 3d\othello\dx11game\x64\debug\dx11game.tlog\cl.command.1.tlog
c:\hal\1年\directx 3d\othello\dx11game\x64\debug\dx11game.tlog\cl.read.1.tlog
c:\hal\1年\directx 3d\othello\dx11game\x64\debug\dx11game.tlog\cl.write.1.tlog
c:\hal\1年\directx 3d\othello\dx11game\x64\debug\dx11game.tlog\dx11game.write.1u.tlog
c:\hal\1年\directx 3d\othello\dx11game\x64\debug\dx11game.tlog\fxc.command.1.tlog
c:\hal\1年\directx 3d\othello\dx11game\x64\debug\dx11game.tlog\fxc.read.1.tlog
c:\hal\1年\directx 3d\othello\dx11game\x64\debug\dx11game.tlog\fxc.write.1.tlog
c:\hal\1年\directx 3d\othello\dx11game\x64\debug\dx11game.tlog\link.command.1.tlog
c:\hal\1年\directx 3d\othello\dx11game\x64\debug\dx11game.tlog\link.read.1.tlog
c:\hal\1年\directx 3d\othello\dx11game\x64\debug\dx11game.tlog\link.write.1.tlog
c:\hal\1年\directx 3d\othello\dx11game\x64\debug\dx11game.tlog\rc.command.1.tlog
c:\hal\1年\directx 3d\othello\dx11game\x64\debug\dx11game.tlog\rc.read.1.tlog
c:\hal\1年\directx 3d\othello\dx11game\x64\debug\dx11game.tlog\rc.write.1.tlog
