c:\hal\2年\gm23\gm23\dx11game\x64\debug\vc141.pdb
c:\hal\2年\gm23\gm23\dx11game\x64\debug\vc141.idb
c:\hal\2年\gm23\gm23\dx11game\x64\debug\moji.obj
c:\hal\2年\gm23\gm23\dx11game\x64\debug\model.obj
c:\hal\2年\gm23\gm23\dx11game\x64\debug\minigametext.obj
c:\hal\2年\gm23\gm23\dx11game\x64\debug\mesh.obj
c:\hal\2年\gm23\gm23\dx11game\x64\debug\main.obj
c:\hal\2年\gm23\gm23\dx11game\x64\debug\light.obj
c:\hal\2年\gm23\gm23\dx11game\x64\debug\input.obj
c:\hal\2年\gm23\gm23\dx11game\x64\debug\hs_gametext1.obj
c:\hal\2年\gm23\gm23\dx11game\x64\debug\hs_effect.obj
c:\hal\2年\gm23\gm23\dx11game\x64\debug\hs_dxmodel.obj
c:\hal\2年\gm23\gm23\dx11game\x64\debug\gauge.obj
c:\hal\2年\gm23\gm23\dx11game\x64\debug\fade.obj
c:\hal\2年\gm23\gm23\dx11game\x64\debug\debugproc.obj
c:\hal\2年\gm23\gm23\dx11game\x64\debug\d2dtext.obj
c:\hal\2年\gm23\gm23\dx11game\x64\debug\d2drendertargetsanddwrite.obj
c:\hal\2年\gm23\gm23\dx11game\x64\debug\d2ddrawmng.obj
c:\hal\2年\gm23\gm23\dx11game\x64\debug\collision.obj
c:\hal\2年\gm23\gm23\dx11game\x64\debug\camera.obj
c:\hal\2年\gm23\gm23\dx11game\x64\debug\billboard.obj
c:\hal\2年\gm23\gm23\dx11game\x64\debug\assimpmodel.obj
c:\hal\2年\gm23\gm23\dx11game\x64\debug\usertime.obj
c:\hal\2年\gm23\gm23\dx11game\x64\debug\titletext.obj
c:\hal\2年\gm23\gm23\dx11game\x64\debug\texture.obj
c:\hal\2年\gm23\gm23\dx11game\x64\debug\text.obj
c:\hal\2年\gm23\gm23\dx11game\x64\debug\c_text.obj
c:\hal\2年\gm23\gm23\dx11game\x64\debug\hs_data.obj
c:\hal\2年\gm23\gm23\dx11game\x64\debug\sound.obj
c:\hal\2年\gm23\gm23\dx11game\x64\debug\shader.obj
c:\hal\2年\gm23\gm23\dx11game\x64\debug\scenetitle.obj
c:\hal\2年\gm23\gm23\dx11game\x64\debug\sceneminigame.obj
c:\hal\2年\gm23\gm23\dx11game\x64\debug\scenemenu.obj
c:\hal\2年\gm23\gm23\dx11game\x64\debug\scenegame.obj
c:\hal\2年\gm23\gm23\dx11game\x64\debug\sceneconfig.obj
c:\hal\2年\gm23\gm23\dx11game\x64\debug\sceneclear.obj
c:\hal\2年\gm23\gm23\dx11game\x64\debug\scenebattle.obj
c:\hal\2年\gm23\gm23\dx11game\x64\debug\polygon.obj
c:\hal\2年\gm23\gm23\dx11game\x64\debug\monstertext.obj
c:\hal\2年\gm23\gm23\dx11game\othellod.lib
c:\hal\2年\gm23\gm23\dx11game\othellod.exp
c:\hal\2年\gm23\gm23\dx11game\data\shader\assimppixel.cso
c:\hal\2年\gm23\gm23\dx11game\data\shader\assimpvertex.cso
c:\hal\2年\gm23\gm23\dx11game\data\shader\pixel.cso
c:\hal\2年\gm23\gm23\dx11game\data\shader\pixel2d.cso
c:\hal\2年\gm23\gm23\dx11game\data\shader\vertex.cso
c:\hal\2年\gm23\gm23\dx11game\data\shader\vertex2d.cso
c:\hal\2年\gm23\gm23\dx11game\othellod.exe
c:\hal\2年\gm23\gm23\dx11game\othellod.ilk
c:\hal\2年\gm23\gm23\dx11game\othellod.pdb
c:\hal\2年\gm23\gm23\dx11game\x64\debug\dx11game.res
c:\hal\2年\gm23\gm23\dx11game\x64\debug\dx11game.tlog\cl.command.1.tlog
c:\hal\2年\gm23\gm23\dx11game\x64\debug\dx11game.tlog\cl.read.1.tlog
c:\hal\2年\gm23\gm23\dx11game\x64\debug\dx11game.tlog\cl.write.1.tlog
c:\hal\2年\gm23\gm23\dx11game\x64\debug\dx11game.tlog\dx11game.write.1u.tlog
c:\hal\2年\gm23\gm23\dx11game\x64\debug\dx11game.tlog\fxc.command.1.tlog
c:\hal\2年\gm23\gm23\dx11game\x64\debug\dx11game.tlog\fxc.read.1.tlog
c:\hal\2年\gm23\gm23\dx11game\x64\debug\dx11game.tlog\fxc.write.1.tlog
c:\hal\2年\gm23\gm23\dx11game\x64\debug\dx11game.tlog\link.command.1.tlog
c:\hal\2年\gm23\gm23\dx11game\x64\debug\dx11game.tlog\link.read.1.tlog
c:\hal\2年\gm23\gm23\dx11game\x64\debug\dx11game.tlog\link.write.1.tlog
c:\hal\2年\gm23\gm23\dx11game\x64\debug\dx11game.tlog\rc.command.1.tlog
c:\hal\2年\gm23\gm23\dx11game\x64\debug\dx11game.tlog\rc.read.1.tlog
c:\hal\2年\gm23\gm23\dx11game\x64\debug\dx11game.tlog\rc.write.1.tlog
