  AssimpModel.cpp
  Camera.cpp
  collision.cpp
  debugproc.cpp
  fade.cpp
c:\hal\1年\gm23\gm23\dx11game\fade.cpp(72): warning C4244: '引数': 'int' から 'float' への変換です。データが失われる可能性があります。
c:\hal\1年\gm23\gm23\dx11game\fade.cpp(75): warning C4244: '引数': 'int' から 'float' への変換です。データが失われる可能性があります。
c:\hal\1年\gm23\gm23\dx11game\fade.cpp(81): warning C4244: '=': 'int' から 'float' への変換です。データが失われる可能性があります。
c:\hal\1年\gm23\gm23\dx11game\fade.cpp(125): warning C4244: '引数': 'int' から 'float' への変換です。データが失われる可能性があります。
c:\hal\1年\gm23\gm23\dx11game\fade.cpp(146): warning C4244: '引数': 'int' から 'float' への変換です。データが失われる可能性があります。
  gauge.cpp
  HS_DXmodel.cpp
  HS_effect.cpp
  HS_Gametext1.cpp
  input.cpp
  Light.cpp
  main.cpp
  mesh.cpp
  MiniGametext.cpp
  model.cpp
  Moji.cpp
c:\hal\1年\gm23\gm23\dx11game\moji.cpp(71): warning C4244: '引数': 'int' から 'FLOAT' への変換です。データが失われる可能性があります。
c:\hal\1年\gm23\gm23\dx11game\moji.cpp(110): warning C4244: '引数': 'int' から 'FLOAT' への変換です。データが失われる可能性があります。
c:\hal\1年\gm23\gm23\dx11game\moji.cpp(131): warning C4244: '引数': 'int' から 'FLOAT' への変換です。データが失われる可能性があります。
  polygon.cpp
  sceneClear.cpp
  sceneConfig.cpp
  sceneGame.cpp
c:\hal\1年\gm23\gm23\dx11game\scenegame.cpp(146): warning C4244: '引数': 'int' から 'float' への変換です。データが失われる可能性があります。
c:\hal\1年\gm23\gm23\dx11game\scenegame.cpp(188): warning C4244: '+=': 'float' から 'int' への変換です。データが失われる可能性があります。
c:\hal\1年\gm23\gm23\dx11game\scenegame.cpp(191): warning C4244: '+=': 'float' から 'int' への変換です。データが失われる可能性があります。
c:\hal\1年\gm23\gm23\dx11game\scenegame.cpp(194): warning C4244: '+=': 'float' から 'int' への変換です。データが失われる可能性があります。
c:\hal\1年\gm23\gm23\dx11game\scenegame.cpp(197): warning C4244: '+=': 'float' から 'int' への変換です。データが失われる可能性があります。
c:\hal\1年\gm23\gm23\dx11game\scenegame.cpp(200): warning C4244: '+=': 'float' から 'int' への変換です。データが失われる可能性があります。
  コンパイル中...
  sceneMenu.cpp
  sceneMiniGame.cpp
  sceneTitle.cpp
c:\hal\1年\gm23\gm23\dx11game\scenetitle.cpp(67): warning C4244: '引数': 'int' から 'float' への変換です。データが失われる可能性があります。
c:\hal\1年\gm23\gm23\dx11game\scenetitle.cpp(73): warning C4244: '引数': 'int' から 'float' への変換です。データが失われる可能性があります。
  Shader.cpp
  sound.cpp
  HS_data.cpp
  text.cpp
     ライブラリ C:\HAL\1年\GM23\GM23\DX11Game\Othello.lib とオブジェクト C:\HAL\1年\GM23\GM23\DX11Game\Othello.exp を作成中
  コード生成しています。
  74 of 1294 functions ( 5.7%) were compiled, the rest were copied from previous compilation.
    24 functions were new in current compilation
    32 functions had inline decision re-evaluated but remain unchanged
  コード生成が終了しました。
  DX11Game.vcxproj -> C:\HAL\1年\GM23\GM23\DX11Game\Othello.exe
