c:\hal\1年\directx 3d\othello\dx11game\x64\release\vc141.pdb
c:\hal\1年\directx 3d\othello\dx11game\x64\release\texture.obj
c:\hal\1年\directx 3d\othello\dx11game\x64\release\text.obj
c:\hal\1年\directx 3d\othello\dx11game\x64\release\shader.obj
c:\hal\1年\directx 3d\othello\dx11game\x64\release\scenetitle.obj
c:\hal\1年\directx 3d\othello\dx11game\x64\release\scenegame.obj
c:\hal\1年\directx 3d\othello\dx11game\x64\release\sceneclear.obj
c:\hal\1年\directx 3d\othello\dx11game\x64\release\polygon.obj
c:\hal\1年\directx 3d\othello\dx11game\x64\release\model.obj
c:\hal\1年\directx 3d\othello\dx11game\x64\release\mesh.obj
c:\hal\1年\directx 3d\othello\dx11game\x64\release\main.obj
c:\hal\1年\directx 3d\othello\dx11game\x64\release\light.obj
c:\hal\1年\directx 3d\othello\dx11game\x64\release\input.obj
c:\hal\1年\directx 3d\othello\dx11game\x64\release\field.obj
c:\hal\1年\directx 3d\othello\dx11game\x64\release\debugproc.obj
c:\hal\1年\directx 3d\othello\dx11game\x64\release\collision.obj
c:\hal\1年\directx 3d\othello\dx11game\x64\release\camera.obj
c:\hal\1年\directx 3d\othello\dx11game\x64\release\assimpmodel.obj
c:\hal\1年\directx 3d\othello\dx11game\x64\release\cpudata.obj
c:\hal\1年\directx 3d\othello\dx11game\x64\release\sound.obj
c:\hal\1年\directx 3d\othello\dx11game\dx11game.lib
c:\hal\1年\directx 3d\othello\dx11game\dx11game.exp
c:\hal\1年\directx 3d\othello\dx11game\dx11game.ipdb
c:\hal\1年\directx 3d\othello\dx11game\dx11game.iobj
c:\hal\1年\directx 3d\othello\dx11game\othello.lib
c:\hal\1年\directx 3d\othello\dx11game\othello.exp
c:\hal\1年\directx 3d\othello\dx11game\othello.ipdb
c:\hal\1年\directx 3d\othello\dx11game\othello.iobj
c:\hal\1年\directx 3d\othello\dx11game\assimppixel.cso
c:\hal\1年\directx 3d\othello\dx11game\assimpvertex.cso
c:\hal\1年\directx 3d\othello\dx11game\data\shader\pixel.cso
c:\hal\1年\directx 3d\othello\dx11game\data\shader\pixel2d.cso
c:\hal\1年\directx 3d\othello\dx11game\data\shader\vertex.cso
c:\hal\1年\directx 3d\othello\dx11game\data\shader\vertex2d.cso
c:\hal\1年\directx 3d\othello\dx11game\othello.exe
c:\hal\1年\directx 3d\othello\dx11game\othello.pdb
c:\hal\1年\directx 3d\othello\dx11game\x64\release\dx11game.res
c:\hal\1年\directx 3d\othello\dx11game\x64\release\dx11game.tlog\cl.command.1.tlog
c:\hal\1年\directx 3d\othello\dx11game\x64\release\dx11game.tlog\cl.read.1.tlog
c:\hal\1年\directx 3d\othello\dx11game\x64\release\dx11game.tlog\cl.write.1.tlog
c:\hal\1年\directx 3d\othello\dx11game\x64\release\dx11game.tlog\dx11game.write.1u.tlog
c:\hal\1年\directx 3d\othello\dx11game\x64\release\dx11game.tlog\fxc.command.1.tlog
c:\hal\1年\directx 3d\othello\dx11game\x64\release\dx11game.tlog\fxc.read.1.tlog
c:\hal\1年\directx 3d\othello\dx11game\x64\release\dx11game.tlog\fxc.write.1.tlog
c:\hal\1年\directx 3d\othello\dx11game\x64\release\dx11game.tlog\link.command.1.tlog
c:\hal\1年\directx 3d\othello\dx11game\x64\release\dx11game.tlog\link.read.1.tlog
c:\hal\1年\directx 3d\othello\dx11game\x64\release\dx11game.tlog\link.write.1.tlog
c:\hal\1年\directx 3d\othello\dx11game\x64\release\dx11game.tlog\rc.command.1.tlog
c:\hal\1年\directx 3d\othello\dx11game\x64\release\dx11game.tlog\rc.read.1.tlog
c:\hal\1年\directx 3d\othello\dx11game\x64\release\dx11game.tlog\rc.write.1.tlog
